# JRE version: OpenJDK Runtime Environment (8.0_222-b10) (build 1.8.0_222-8u222-b10-1ubuntu1~16.04.1-b10)
# Java VM: OpenJDK 64-Bit Server VM (25.222-b10 mixed mode linux-amd64 compressed oops)
Heap:
 def new generation   total 72832K, used 65251K [0x00000000c0000000, 0x00000000c4f00000, 0x00000000d5550000)
  eden space 64768K, 100% used [0x00000000c0000000, 0x00000000c3f40000, 0x00000000c3f40000)
  from space 8064K,   5% used [0x00000000c3f40000, 0x00000000c3fb8cd8, 0x00000000c4720000)
  to   space 8064K,   5% used [0x00000000c4720000, 0x00000000c47898d0, 0x00000000c4f00000)
 tenured generation   total 178032K, used 177614K [0x00000000d5550000, 0x00000000e032c000, 0x0000000100000000)
   the space 178032K,  99% used [0x00000000d5550000, 0x00000000e02c38b8, 0x00000000e02c3a00, 0x00000000e032c000)
 Metaspace       used 91103K, capacity 93456K, committed 93656K, reserved 1130496K
  class space    used 12017K, capacity 12354K, committed 12504K, reserved 1048576K
GC Heap History (10 events):
Event: 3429.604 GC heap after
Heap after GC invocations=3457 (full 89):
 def new generation   total 72832K, used 444K [0x00000000c0000000, 0x00000000c4f00000, 0x00000000d5550000)
  eden space 64768K,   0% used [0x00000000c0000000, 0x00000000c0000000, 0x00000000c3f40000)
  from space 8064K,   5% used [0x00000000c3f40000, 0x00000000c3faf040, 0x00000000c4720000)
  to   space 8064K,   0% used [0x00000000c4720000, 0x00000000c4720000, 0x00000000c4f00000)
 tenured generation   total 161644K, used 128462K [0x00000000d5550000, 0x00000000df32b000, 0x0000000100000000)
   the space 161644K,  79% used [0x00000000d5550000, 0x00000000dd2c3888, 0x00000000dd2c3a00, 0x00000000df32b000)
 Metaspace       used 91103K, capacity 93456K, committed 93656K, reserved 1130496K
  class space    used 12017K, capacity 12354K, committed 12504K, reserved 1048576K
}
Event: 3429.637 GC heap before
{Heap before GC invocations=3457 (full 89):
 def new generation   total 72832K, used 65212K [0x00000000c0000000, 0x00000000c4f00000, 0x00000000d5550000)
  eden space 64768K, 100% used [0x00000000c0000000, 0x00000000c3f40000, 0x00000000c3f40000)
  from space 8064K,   5% used [0x00000000c3f40000, 0x00000000c3faf040, 0x00000000c4720000)
  to   space 8064K,   0% used [0x00000000c4720000, 0x00000000c4720000, 0x00000000c4f00000)
 tenured generation   total 161644K, used 128462K [0x00000000d5550000, 0x00000000df32b000, 0x0000000100000000)
   the space 161644K,  79% used [0x00000000d5550000, 0x00000000dd2c3888, 0x00000000dd2c3a00, 0x00000000df32b000)
 Metaspace       used 91103K, capacity 93456K, committed 93656K, reserved 1130496K
  class space    used 12017K, capacity 12354K, committed 12504K, reserved 1048576K
Event: 3429.640 GC heap after
Heap after GC invocations=3458 (full 89):
 def new generation   total 72832K, used 377K [0x00000000c0000000, 0x00000000c4f00000, 0x00000000d5550000)
  eden space 64768K,   0% used [0x00000000c0000000, 0x00000000c0000000, 0x00000000c3f40000)
  from space 8064K,   4% used [0x00000000c4720000, 0x00000000c477e5c0, 0x00000000c4f00000)
  to   space 8064K,   0% used [0x00000000c3f40000, 0x00000000c3f40000, 0x00000000c4720000)
 tenured generation   total 161644K, used 128462K [0x00000000d5550000, 0x00000000df32b000, 0x0000000100000000)
   the space 161644K,  79% used [0x00000000d5550000, 0x00000000dd2c3888, 0x00000000dd2c3a00, 0x00000000df32b000)
 Metaspace       used 91103K, capacity 93456K, committed 93656K, reserved 1130496K
  class space    used 12017K, capacity 12354K, committed 12504K, reserved 1048576K
}
Event: 3429.675 GC heap before
{Heap before GC invocations=3458 (full 89):
 def new generation   total 72832K, used 65145K [0x00000000c0000000, 0x00000000c4f00000, 0x00000000d5550000)
  eden space 64768K, 100% used [0x00000000c0000000, 0x00000000c3f40000, 0x00000000c3f40000)
  from space 8064K,   4% used [0x00000000c4720000, 0x00000000c477e5c0, 0x00000000c4f00000)
  to   space 8064K,   0% used [0x00000000c3f40000, 0x00000000c3f40000, 0x00000000c4720000)
 tenured generation   total 161644K, used 128462K [0x00000000d5550000, 0x00000000df32b000, 0x0000000100000000)
   the space 161644K,  79% used [0x00000000d5550000, 0x00000000dd2c3888, 0x00000000dd2c3a00, 0x00000000df32b000)
 Metaspace       used 91103K, capacity 93456K, committed 93656K, reserved 1130496K
  class space    used 12017K, capacity 12354K, committed 12504K, reserved 1048576K
Event: 3429.685 GC heap after
Heap after GC invocations=3459 (full 89):
 def new generation   total 72832K, used 460K [0x00000000c0000000, 0x00000000c4f00000, 0x00000000d5550000)
  eden space 64768K,   0% used [0x00000000c0000000, 0x00000000c0000000, 0x00000000c3f40000)
  from space 8064K,   5% used [0x00000000c3f40000, 0x00000000c3fb3028, 0x00000000c4720000)
  to   space 8064K,   0% used [0x00000000c4720000, 0x00000000c4720000, 0x00000000c4f00000)
 tenured generation   total 161644K, used 161230K [0x00000000d5550000, 0x00000000df32b000, 0x0000000100000000)
   the space 161644K,  99% used [0x00000000d5550000, 0x00000000df2c38a8, 0x00000000df2c3a00, 0x00000000df32b000)
 Metaspace       used 91103K, capacity 93456K, committed 93656K, reserved 1130496K
  class space    used 12017K, capacity 12354K, committed 12504K, reserved 1048576K
}
Event: 3429.715 GC heap before
{Heap before GC invocations=3459 (full 89):
 def new generation   total 72832K, used 65228K [0x00000000c0000000, 0x00000000c4f00000, 0x00000000d5550000)
  eden space 64768K, 100% used [0x00000000c0000000, 0x00000000c3f40000, 0x00000000c3f40000)
  from space 8064K,   5% used [0x00000000c3f40000, 0x00000000c3fb3028, 0x00000000c4720000)
  to   space 8064K,   0% used [0x00000000c4720000, 0x00000000c4720000, 0x00000000c4f00000)
 tenured generation   total 161644K, used 161230K [0x00000000d5550000, 0x00000000df32b000, 0x0000000100000000)
   the space 161644K,  99% used [0x00000000d5550000, 0x00000000df2c38a8, 0x00000000df2c3a00, 0x00000000df32b000)
 Metaspace       used 91103K, capacity 93456K, committed 93656K, reserved 1130496K
  class space    used 12017K, capacity 12354K, committed 12504K, reserved 1048576K
Event: 3429.718 GC heap after
Heap after GC invocations=3460 (full 89):
 def new generation   total 72832K, used 470K [0x00000000c0000000, 0x00000000c4f00000, 0x00000000d5550000)
  eden space 64768K,   0% used [0x00000000c0000000, 0x00000000c0000000, 0x00000000c3f40000)
  from space 8064K,   5% used [0x00000000c4720000, 0x00000000c47959f8, 0x00000000c4f00000)
  to   space 8064K,   0% used [0x00000000c3f40000, 0x00000000c3f40000, 0x00000000c4720000)
 tenured generation   total 161644K, used 161230K [0x00000000d5550000, 0x00000000df32b000, 0x0000000100000000)
   the space 161644K,  99% used [0x00000000d5550000, 0x00000000df2c38a8, 0x00000000df2c3a00, 0x00000000df32b000)
 Metaspace       used 91103K, capacity 93456K, committed 93656K, reserved 1130496K
  class space    used 12017K, capacity 12354K, committed 12504K, reserved 1048576K
}
Event: 3429.748 GC heap before
{Heap before GC invocations=3460 (full 89):
 def new generation   total 72832K, used 65238K [0x00000000c0000000, 0x00000000c4f00000, 0x00000000d5550000)
  eden space 64768K, 100% used [0x00000000c0000000, 0x00000000c3f40000, 0x00000000c3f40000)
  from space 8064K,   5% used [0x00000000c4720000, 0x00000000c47959f8, 0x00000000c4f00000)
  to   space 8064K,   0% used [0x00000000c3f40000, 0x00000000c3f40000, 0x00000000c4720000)
 tenured generation   total 161644K, used 161230K [0x00000000d5550000, 0x00000000df32b000, 0x0000000100000000)
   the space 161644K,  99% used [0x00000000d5550000, 0x00000000df2c38a8, 0x00000000df2c3a00, 0x00000000df32b000)
 Metaspace       used 91103K, capacity 93456K, committed 93656K, reserved 1130496K
  class space    used 12017K, capacity 12354K, committed 12504K, reserved 1048576K
Event: 3429.751 GC heap after
Heap after GC invocations=3461 (full 89):
 def new generation   total 72832K, used 483K [0x00000000c0000000, 0x00000000c4f00000, 0x00000000d5550000)
  eden space 64768K,   0% used [0x00000000c0000000, 0x00000000c0000000, 0x00000000c3f40000)
  from space 8064K,   5% used [0x00000000c3f40000, 0x00000000c3fb8cd8, 0x00000000c4720000)
  to   space 8064K,   0% used [0x00000000c4720000, 0x00000000c4720000, 0x00000000c4f00000)
 tenured generation   total 161644K, used 161230K [0x00000000d5550000, 0x00000000df32b000, 0x0000000100000000)
   the space 161644K,  99% used [0x00000000d5550000, 0x00000000df2c38a8, 0x00000000df2c3a00, 0x00000000df32b000)
 Metaspace       used 91103K, capacity 93456K, committed 93656K, reserved 1130496K
  class space    used 12017K, capacity 12354K, committed 12504K, reserved 1048576K
}
Event: 3429.783 GC heap before
{Heap before GC invocations=3461 (full 89):
 def new generation   total 72832K, used 65251K [0x00000000c0000000, 0x00000000c4f00000, 0x00000000d5550000)
  eden space 64768K, 100% used [0x00000000c0000000, 0x00000000c3f40000, 0x00000000c3f40000)
  from space 8064K,   5% used [0x00000000c3f40000, 0x00000000c3fb8cd8, 0x00000000c4720000)
  to   space 8064K,   0% used [0x00000000c4720000, 0x00000000c4720000, 0x00000000c4f00000)
 tenured generation   total 161644K, used 161230K [0x00000000d5550000, 0x00000000df32b000, 0x0000000100000000)
   the space 161644K,  99% used [0x00000000d5550000, 0x00000000df2c38a8, 0x00000000df2c3a00, 0x00000000df32b000)
 Metaspace       used 91103K, capacity 93456K, committed 93656K, reserved 1130496K
  class space    used 12017K, capacity 12354K, committed 12504K, reserved 1048576K

